# JRE version: Java(TM) SE Runtime Environment (13.0+33) (build 13+33)
# Java VM: Java HotSpot(TM) 64-Bit Server VM (13+33, mixed mode, sharing, tiered, compressed oops, g1 gc, windows-amd64)
Heap:
 garbage-first heap   total 131072K, used 31176K [0x0000000081e00000, 0x0000000100000000)
  region size 1024K, 25 young (25600K), 4 survivors (4096K)
 Metaspace       used 10929K, capacity 11345K, committed 11520K, reserved 1058816K
  class space    used 1116K, capacity 1257K, committed 1280K, reserved 1048576K
GC Heap History (6 events):
Event: 1.825 GC heap before
{Heap before GC invocations=0 (full 0):
 garbage-first heap   total 131072K, used 13312K [0x0000000081e00000, 0x0000000100000000)
  region size 1024K, 14 young (14336K), 0 survivors (0K)
 Metaspace       used 3561K, capacity 5948K, committed 6016K, reserved 1056768K
  class space    used 401K, capacity 625K, committed 640K, reserved 1048576K
}
Event: 1.849 GC heap after
{Heap after GC invocations=1 (full 0):
 garbage-first heap   total 131072K, used 3515K [0x0000000081e00000, 0x0000000100000000)
  region size 1024K, 2 young (2048K), 2 survivors (2048K)
 Metaspace       used 3561K, capacity 5948K, committed 6016K, reserved 1056768K
  class space    used 401K, capacity 625K, committed 640K, reserved 1048576K
}
Event: 2.756 GC heap before
{Heap before GC invocations=1 (full 0):
 garbage-first heap   total 131072K, used 12731K [0x0000000081e00000, 0x0000000100000000)
  region size 1024K, 11 young (11264K), 2 survivors (2048K)
 Metaspace       used 5363K, capacity 7318K, committed 7424K, reserved 1056768K
  class space    used 559K, capacity 763K, committed 768K, reserved 1048576K
}
Event: 2.763 GC heap after
{Heap after GC invocations=2 (full 0):
 garbage-first heap   total 131072K, used 5312K [0x0000000081e00000, 0x0000000100000000)
  region size 1024K, 2 young (2048K), 2 survivors (2048K)
 Metaspace       used 5363K, capacity 7318K, committed 7424K, reserved 1056768K
  class space    used 559K, capacity 763K, committed 768K, reserved 1048576K
}
Event: 3.848 GC heap before
{Heap before GC invocations=2 (full 0):
 garbage-first heap   total 131072K, used 30912K [0x0000000081e00000, 0x0000000100000000)
  region size 1024K, 28 young (28672K), 2 survivors (2048K)
 Metaspace       used 7753K, capacity 8614K, committed 8704K, reserved 1056768K
  class space    used 814K, capacity 959K, committed 1024K, reserved 1048576K
}
Event: 3.862 GC heap after
{Heap after GC invocations=3 (full 0):
 garbage-first heap   total 131072K, used 8648K [0x0000000081e00000, 0x0000000100000000)
  region size 1024K, 4 young (4096K), 4 survivors (4096K)
 Metaspace       used 7753K, capacity 8614K, committed 8704K, reserved 1056768K
  class space    used 814K, capacity 959K, committed 1024K, reserved 1048576K
}

